<?xml version="1.0" encoding="UTF-8"?>
<!-- Generated by org.testng.reporters.JUnitReportReporter -->
<testsuite hostname="Arjavkumar" failures="0" tests="1" name="testCases.TC_001_AccountRegistrationTest" time="3.978" errors="0" timestamp="2024-01-18T15:02:38 EST" skipped="0">
  <testcase classname="testCases.TC_001_AccountRegistrationTest" name="verify_account_registration" time="3.978"/>
</testsuite> <!-- testCases.TC_001_AccountRegistrationTest -->
